pt-br
pt-br
pt-br
pt-br
pt-br
pt-br
pt-br
pt-br
None
{
  "pt-br":{
        "menu":[
              "sobre o cncflora",
              "equipe",
              "contato"
        ],
        "equipe":[
              "coordenação",
              "lista vermelha",
              "planos de ação",
              "ex-situ",
              "sistemas e sig",
              "coleções botânicas",
              "comunicação",
              "voluntários"          
        ],
        "form-contato":{
              "name":"Seu nome",
              "email":"seu e-mail",
              "subject":"Assunto",
              "message":"Mensagem"
        }
  }
}


  "pt-br":{
        "menu":[
              "sobre o cncflora",
              "equipe",
              "contato"
        ],
        "equipe":[
              "coordenação",
              "lista vermelha",
              "planos de ação",
              "ex-situ",
              "sistemas e sig",
              "coleções botânicas",
              "comunicação",
              "voluntários"
        ],
        "form-contato":{
              "name":"Seu nome",
              "email":"seu e-mail",
              "subject":"Assunto",
              "message":"Mensagem"
        }
  }

{u'pt-br': {u'menu': [u'sobre o cncflora', u'equipe', u'contato'], u'form-contato': {u'message': u'Mensagem', u'subject': u'Assunto', u'name': u'Seu nome', u'email': u'seu e-mail'}, u'equipe': [u'coordena\xe7\xe3o', u'lista vermelha', u'planos de a\xe7\xe3o', u'ex-situ', u'sistemas e sig', u'cole\xe7\xf5es bot\xe2nicas', u'comunica\xe7\xe3o', u'volunt\xe1rios']}}
{u'pt-br': {u'menu': [u'sobre o cncflora', u'equipe', u'contato'], u'form-contato': {u'message': u'Mensagem', u'subject': u'Assunto', u'name': u'Seu nome', u'email': u'seu e-mail'}, u'equipe': [u'coordena\xe7\xe3o', u'lista vermelha', u'planos de a\xe7\xe3o', u'ex-situ', u'sistemas e sig', u'cole\xe7\xf5es bot\xe2nicas', u'comunica\xe7\xe3o', u'volunt\xe1rios']}}
{u'pt-br': {u'menu': [u'sobre o cncflora', u'equipe', u'contato'], u'form-contato': {u'message': u'Mensagem', u'subject': u'Assunto', u'name': u'Seu nome', u'email': u'seu e-mail'}, u'equipe': [u'coordena\xe7\xe3o', u'lista vermelha', u'planos de a\xe7\xe3o', u'ex-situ', u'sistemas e sig', u'cole\xe7\xf5es bot\xe2nicas', u'comunica\xe7\xe3o', u'volunt\xe1rios']}}
{u'pt-br': {u'menu': [u'sobre o cncflora', u'equipe', u'contato'], u'form-contato': {u'message': u'Mensagem', u'subject': u'Assunto', u'name': u'Seu nome', u'email': u'seu e-mail'}, u'equipe': [u'coordena\xe7\xe3o', u'lista vermelha', u'planos de a\xe7\xe3o', u'ex-situ', u'sistemas e sig', u'cole\xe7\xf5es bot\xe2nicas', u'comunica\xe7\xe3o', u'volunt\xe1rios']}}
{u'pt-br': {u'menu': [u'sobre o cncflora', u'equipe', u'contato'], u'form-contato': {u'message': u'Mensagem', u'subject': u'Assunto', u'name': u'Seu nome', u'email': u'seu e-mail'}, u'equipe': [u'coordena\xe7\xe3o', u'lista vermelha', u'planos de a\xe7\xe3o', u'ex-situ', u'sistemas e sig', u'cole\xe7\xf5es bot\xe2nicas', u'comunica\xe7\xe3o', u'volunt\xe1rios']}}
{u'pt-br': {u'menu': [u'sobre o cncflora', u'equipe', u'contato'], u'form-contato': {u'message': u'Mensagem', u'subject': u'Assunto', u'name': u'Seu nome', u'email': u'seu e-mail'}, u'equipe': [u'coordena\xe7\xe3o', u'lista vermelha', u'planos de a\xe7\xe3o', u'ex-situ', u'sistemas e sig', u'cole\xe7\xf5es bot\xe2nicas', u'comunica\xe7\xe3o', u'volunt\xe1rios']}}
{u'pt-br': {u'menu': {u'contact': u'contato', u'WhoWeAre': u'sobre o cncflora', u'equipe': u'equipe'}, u'form-contato': {u'message': u'Mensagem', u'subject': u'Assunto', u'name': u'Seu nome', u'email': u'seu e-mail'}, u'equipe': [u'coordena\xe7\xe3o', u'lista vermelha', u'planos de a\xe7\xe3o', u'ex-situ', u'sistemas e sig', u'cole\xe7\xf5es bot\xe2nicas', u'comunica\xe7\xe3o', u'volunt\xe1rios']}}
{u'pt-br': {u'menu': {u'contact': u'contato', u'WhoWeAre': u'sobre o cncflora', u'equipe': u'equipe'}, u'form-contato': {u'message': u'Mensagem', u'subject': u'Assunto', u'name': u'Seu nome', u'email': u'seu e-mail'}, u'equipe': [u'coordena\xe7\xe3o', u'lista vermelha', u'planos de a\xe7\xe3o', u'ex-situ', u'sistemas e sig', u'cole\xe7\xf5es bot\xe2nicas', u'comunica\xe7\xe3o', u'volunt\xe1rios']}}
{u'pt-br': {u'menu': {u'contact': u'contato', u'WhoWeAre': u'sobre o cncflora', u'equipe': u'equipe'}, u'form-contato': {u'message': u'Mensagem', u'subject': u'Assunto', u'name': u'Seu nome', u'email': u'seu e-mail'}, u'equipe': [u'coordena\xe7\xe3o', u'lista vermelha', u'planos de a\xe7\xe3o', u'ex-situ', u'sistemas e sig', u'cole\xe7\xf5es bot\xe2nicas', u'comunica\xe7\xe3o', u'volunt\xe1rios']}}
{u'pt-br': {u'menu': {u'contact': u'contato', u'WhoWeAre': u'sobre o cncflora', u'equipe': u'equipe'}, u'form-contato': {u'message': u'Mensagem', u'subject': u'Assunto', u'name': u'Seu nome', u'email': u'seu e-mail'}, u'equipe': [u'coordena\xe7\xe3o', u'lista vermelha', u'planos de a\xe7\xe3o', u'ex-situ', u'sistemas e sig', u'cole\xe7\xf5es bot\xe2nicas', u'comunica\xe7\xe3o', u'volunt\xe1rios']}}
{u'pt-br': {u'menu': {u'contact': u'contato', u'whoweare': u'sobre o cncflora', u'equipe': u'equipe'}, u'form-contato': {u'message': u'Mensagem', u'subject': u'Assunto', u'name': u'Seu nome', u'email': u'seu e-mail'}, u'equipe': [u'coordena\xe7\xe3o', u'lista vermelha', u'planos de a\xe7\xe3o', u'ex-situ', u'sistemas e sig', u'cole\xe7\xf5es bot\xe2nicas', u'comunica\xe7\xe3o', u'volunt\xe1rios']}}
{u'pt-br': {u'menu': {u'contact': u'contato', u'whoweare': u'sobre o cncflora', u'equipe': u'equipe'}, u'form-contato': {u'message': u'Mensagem', u'subject': u'Assunto', u'name': u'Seu nome', u'email': u'seu e-mail'}, u'equipe': [u'coordena\xe7\xe3o', u'lista vermelha', u'planos de a\xe7\xe3o', u'ex-situ', u'sistemas e sig', u'cole\xe7\xf5es bot\xe2nicas', u'comunica\xe7\xe3o', u'volunt\xe1rios']}}
{u'pt-br': {u'menu-equipe': [u'coordena\xe7\xe3o', u'lista vermelha', u'planos de a\xe7\xe3o', u'ex-situ', u'sistemas e sig', u'cole\xe7\xf5es bot\xe2nicas', u'comunica\xe7\xe3o', u'volunt\xe1rios'], u'menu': {u'contact': u'contato', u'whoweare': u'sobre o cncflora', u'equipe': u'equipe'}, u'form-contato': {u'message': u'Mensagem', u'subject': u'Assunto', u'name': u'Seu nome', u'email': u'seu e-mail'}}}
{u'pt-br': {u'menu-equipe': [u'coordena\xe7\xe3o', u'lista vermelha', u'planos de a\xe7\xe3o', u'ex-situ', u'sistemas e sig', u'cole\xe7\xf5es bot\xe2nicas', u'comunica\xe7\xe3o', u'volunt\xe1rios'], u'menu': {u'contact': u'contato', u'whoweare': u'sobre o cncflora', u'equipe': u'equipe'}, u'form-contato': {u'message': u'Mensagem', u'subject': u'Assunto', u'name': u'Seu nome', u'email': u'seu e-mail'}}}
{u'pt-br': {u'menu-equipe': [u'coordena\xe7\xe3o', u'lista vermelha', u'planos de a\xe7\xe3o', u'ex-situ', u'sistemas e sig', u'cole\xe7\xf5es bot\xe2nicas', u'comunica\xe7\xe3o', u'volunt\xe1rios'], u'menu': {u'contact': u'contato', u'whoweare': u'sobre o cncflora', u'equipe': u'equipe'}, u'form-contato': {u'message': u'Mensagem', u'subject': u'Assunto', u'name': u'Seu nome', u'email': u'seu e-mail'}}}
{u'pt-br': {u'menu-equipe': [u'coordena\xe7\xe3o', u'lista vermelha', u'planos de a\xe7\xe3o', u'ex-situ', u'sistemas e sig', u'cole\xe7\xf5es bot\xe2nicas', u'comunica\xe7\xe3o', u'volunt\xe1rios'], u'menu': {u'contact': u'contato', u'whoweare': u'sobre o cncflora', u'equipe': u'equipe'}, u'form-contato': {u'message': u'Mensagem', u'subject': u'Assunto', u'name': u'Seu nome', u'email': u'seu e-mail'}}}
{u'pt-br': {u'menu-equipe': [u'coordena\xe7\xe3o', u'lista vermelha', u'planos de a\xe7\xe3o', u'ex-situ', u'sistemas e sig', u'cole\xe7\xf5es bot\xe2nicas', u'comunica\xe7\xe3o', u'volunt\xe1rios'], u'menu': {u'contact': u'contato', u'whoweare': u'sobre o cncflora', u'equipe': u'equipe'}, u'form-contato': {u'message': u'Mensagem', u'subject': u'Assunto', u'name': u'Seu nome', u'email': u'seu e-mail'}}}
{u'pt-br': {u'menu-equipe': [u'coordena\xe7\xe3o', u'lista vermelha', u'planos de a\xe7\xe3o', u'ex-situ', u'sistemas e sig', u'cole\xe7\xf5es bot\xe2nicas', u'comunica\xe7\xe3o', u'volunt\xe1rios'], u'menu': {u'contact': u'contato', u'whoweare': u'sobre o cncflora', u'equipe': u'equipe'}, u'form-contato': {u'message': u'Mensagem', u'subject': u'Assunto', u'name': u'Seu nome', u'email': u'seu e-mail'}}}
{u'pt-br': {u'menu-equipe': [u'coordena\xe7\xe3o', u'lista vermelha', u'planos de a\xe7\xe3o', u'ex-situ', u'sistemas e sig', u'cole\xe7\xf5es bot\xe2nicas', u'comunica\xe7\xe3o', u'volunt\xe1rios'], u'menu': {u'contact': u'contato', u'whoweare': u'sobre o cncflora', u'equipe': u'equipe'}, u'form-contato': {u'message': u'Mensagem', u'subject': u'Assunto', u'name': u'Seu nome', u'email': u'seu e-mail'}}}
{u'pt-br': {u'menu-equipe': [u'coordena\xe7\xe3o', u'lista vermelha', u'planos de a\xe7\xe3o', u'ex-situ', u'sistemas e sig', u'cole\xe7\xf5es bot\xe2nicas', u'comunica\xe7\xe3o', u'volunt\xe1rios'], u'menu': {u'contact': u'contato', u'whoweare': u'sobre o cncflora', u'equipe': u'equipe'}, u'form-contato': {u'message': u'Mensagem', u'subject': u'Assunto', u'name': u'Seu nome', u'email': u'seu e-mail'}}}
{u'pt-br': {u'menu-equipe': [u'coordena\xe7\xe3o', u'lista vermelha', u'planos de a\xe7\xe3o', u'ex-situ', u'sistemas e sig', u'cole\xe7\xf5es bot\xe2nicas', u'comunica\xe7\xe3o', u'volunt\xe1rios'], u'menu': {u'contact': u'contato', u'whoweare': u'sobre o cncflora', u'equipe': u'equipe'}, u'form-contato': {u'message': u'Mensagem', u'subject': u'Assunto', u'name': u'Seu nome', u'email': u'seu e-mail'}}}
{u'pt-br': {u'menu-equipe': [u'coordena\xe7\xe3o', u'lista vermelha', u'planos de a\xe7\xe3o', u'ex-situ', u'sistemas e sig', u'cole\xe7\xf5es bot\xe2nicas', u'comunica\xe7\xe3o', u'volunt\xe1rios'], u'menu': {u'contact': u'contato', u'whoweare': u'sobre o cncflora', u'equipe': u'equipe'}, u'form-contato': {u'message': u'Mensagem', u'subject': u'Assunto', u'name': u'Seu nome', u'email': u'seu e-mail'}}}
{u'pt-br': {u'menu-equipe': [u'coordena\xe7\xe3o', u'lista vermelha', u'planos de a\xe7\xe3o', u'ex-situ', u'sistemas e sig', u'cole\xe7\xf5es bot\xe2nicas', u'comunica\xe7\xe3o', u'volunt\xe1rios'], u'menu': {u'contact': u'contato', u'whoweare': u'sobre o cncflora', u'equipe': u'equipe'}, u'form-contato': {u'message': u'Mensagem', u'subject': u'Assunto', u'name': u'Seu nome', u'email': u'seu e-mail'}}}
{u'pt-br': {u'menu-equipe': [u'coordena\xe7\xe3o', u'lista vermelha', u'planos de a\xe7\xe3o', u'ex-situ', u'sistemas e sig', u'cole\xe7\xf5es bot\xe2nicas', u'comunica\xe7\xe3o', u'volunt\xe1rios'], u'menu': {u'contact': u'contato', u'whoweare': u'sobre o cncflora', u'equipe': u'equipe'}, u'form-contato': {u'message': u'Mensagem', u'subject': u'Assunto', u'name': u'Seu nome', u'email': u'seu e-mail'}}}
{u'pt-br': {u'menu-equipe': [u'coordena\xe7\xe3o', u'lista vermelha', u'planos de a\xe7\xe3o', u'ex-situ', u'sistemas e sig', u'cole\xe7\xf5es bot\xe2nicas', u'comunica\xe7\xe3o', u'volunt\xe1rios'], u'menu': {u'contact': u'contato', u'whoweare': u'sobre o cncflora', u'equipe': u'equipe'}, u'form-contato': {u'message': u'Mensagem', u'subject': u'Assunto', u'name': u'Seu nome', u'email': u'seu e-mail'}}}
{u'pt-br': {u'menu-equipe': [u'coordena\xe7\xe3o', u'lista vermelha', u'planos de a\xe7\xe3o', u'ex-situ', u'sistemas e sig', u'cole\xe7\xf5es bot\xe2nicas', u'comunica\xe7\xe3o', u'volunt\xe1rios'], u'menu': {u'contact': u'contato', u'whoweare': u'sobre o cncflora', u'equipe': u'equipe'}, u'form-contato': {u'message': u'Mensagem', u'subject': u'Assunto', u'name': u'Seu nome', u'email': u'seu e-mail'}}}
{u'pt-br': {u'menu-equipe': [u'coordena\xe7\xe3o', u'lista vermelha', u'planos de a\xe7\xe3o', u'ex-situ', u'sistemas e sig', u'cole\xe7\xf5es bot\xe2nicas', u'comunica\xe7\xe3o', u'volunt\xe1rios'], u'menu': {u'contact': u'contato', u'whoweare': u'sobre o cncflora', u'equipe': u'equipe'}, u'form-contato': {u'message': u'Mensagem', u'subject': u'Assunto', u'name': u'Seu nome', u'email': u'seu e-mail'}}}
{u'pt-br': {u'menu-equipe': [u'coordena\xe7\xe3o', u'lista vermelha', u'planos de a\xe7\xe3o', u'ex-situ', u'sistemas e sig', u'cole\xe7\xf5es bot\xe2nicas', u'comunica\xe7\xe3o', u'volunt\xe1rios'], u'menu': {u'contact': u'contato', u'whoweare': u'sobre o cncflora', u'equipe': u'equipe'}, u'form-contato': {u'message': u'Mensagem', u'subject': u'Assunto', u'name': u'Seu nome', u'email': u'seu e-mail'}}}
{u'pt-br': {u'menu-equipe': [u'coordena\xe7\xe3o', u'lista vermelha', u'planos de a\xe7\xe3o', u'ex-situ', u'sistemas e sig', u'cole\xe7\xf5es bot\xe2nicas', u'comunica\xe7\xe3o', u'volunt\xe1rios'], u'menu': {u'contact': u'contato', u'whoweare': u'sobre o cncflora', u'equipe': u'equipe'}, u'form-contato': {u'message': u'Mensagem', u'subject': u'Assunto', u'name': u'Seu nome', u'email': u'seu e-mail'}}}
{u'pt-br': {u'menu-equipe': [u'coordena\xe7\xe3o', u'lista vermelha', u'planos de a\xe7\xe3o', u'ex-situ', u'sistemas e sig', u'cole\xe7\xf5es bot\xe2nicas', u'comunica\xe7\xe3o', u'volunt\xe1rios'], u'menu': {u'contact': u'contato', u'whoweare': u'sobre o cncflora', u'equipe': u'equipe'}, u'form-contato': {u'message': u'Mensagem', u'subject': u'Assunto', u'name': u'Seu nome', u'email': u'seu e-mail'}}}
{u'pt-br': {u'menu-equipe': [u'coordena\xe7\xe3o', u'lista vermelha', u'planos de a\xe7\xe3o', u'ex-situ', u'sistemas e sig', u'cole\xe7\xf5es bot\xe2nicas', u'comunica\xe7\xe3o', u'volunt\xe1rios'], u'menu': {u'contact': u'contato', u'whoweare': u'sobre o cncflora', u'equipe': u'equipe'}, u'form-contato': {u'message': u'Mensagem', u'subject': u'Assunto', u'name': u'Seu nome', u'email': u'seu e-mail'}}}
{u'pt-br': {u'menu-equipe': [u'coordena\xe7\xe3o', u'lista vermelha', u'planos de a\xe7\xe3o', u'ex-situ', u'sistemas e sig', u'cole\xe7\xf5es bot\xe2nicas', u'comunica\xe7\xe3o', u'volunt\xe1rios'], u'menu': {u'contact': u'contato', u'whoweare': u'sobre o cncflora', u'equipe': u'equipe'}, u'form-contato': {u'message': u'Mensagem', u'subject': u'Assunto', u'name': u'Seu nome', u'email': u'seu e-mail'}}}
{u'pt-br': {u'menu-equipe': [u'coordena\xe7\xe3o', u'lista vermelha', u'planos de a\xe7\xe3o', u'ex-situ', u'sistemas e sig', u'cole\xe7\xf5es bot\xe2nicas', u'comunica\xe7\xe3o', u'volunt\xe1rios'], u'menu': {u'contact': u'contato', u'whoweare': u'sobre o cncflora', u'equipe': u'equipe'}, u'form-contato': {u'message': u'Mensagem', u'subject': u'Assunto', u'name': u'Seu nome', u'email': u'seu e-mail'}}}
{u'pt-br': {u'menu-equipe': [u'coordena\xe7\xe3o', u'lista vermelha', u'planos de a\xe7\xe3o', u'ex-situ', u'sistemas e sig', u'cole\xe7\xf5es bot\xe2nicas', u'comunica\xe7\xe3o', u'volunt\xe1rios'], u'menu': {u'contact': u'contato', u'whoweare': u'sobre o cncflora', u'equipe': u'equipe'}, u'form-contato': {u'message': u'Mensagem', u'subject': u'Assunto', u'name': u'Seu nome', u'email': u'seu e-mail'}}}
{u'pt-br': {u'menu-equipe': [u'coordena\xe7\xe3o', u'lista vermelha', u'planos de a\xe7\xe3o', u'ex-situ', u'sistemas e sig', u'cole\xe7\xf5es bot\xe2nicas', u'comunica\xe7\xe3o', u'volunt\xe1rios'], u'menu': {u'contact': u'contato', u'whoweare': u'sobre o cncflora', u'equipe': u'equipe'}, u'form-contato': {u'message': u'Mensagem', u'subject': u'Assunto', u'name': u'Seu nome', u'email': u'seu e-mail'}}}
{u'pt-br': {u'menu-equipe': [u'coordena\xe7\xe3o', u'lista vermelha', u'planos de a\xe7\xe3o', u'ex-situ', u'sistemas e sig', u'cole\xe7\xf5es bot\xe2nicas', u'comunica\xe7\xe3o', u'volunt\xe1rios'], u'menu': {u'contact': u'contato', u'whoweare': u'sobre o cncflora', u'equipe': u'equipe'}, u'form-contato': {u'message': u'Mensagem', u'subject': u'Assunto', u'name': u'Seu nome', u'email': u'seu e-mail'}}}
{u'pt-br': {u'menu-equipe': {u'planos': u'planos de a\xe7\xe3o', u'lista-vermelha': u'lista vermelha', u'voluntarios': u'volunt\xe1rios', u'sistemas': u'sistemas e sig', u'exsitu': u'ex-situ', u'coordenacao': u'coordena\xe7\xe3o', u'comunicacao': u'comunica\xe7\xe3o', u'colecoes': u'cole\xe7\xf5es bot\xe2nicas'}, u'menu': {u'contact': u'contato', u'whoweare': u'sobre o cncflora', u'equipe': u'equipe'}, u'form-contato': {u'message': u'Mensagem', u'subject': u'Assunto', u'name': u'Seu nome', u'email': u'seu e-mail'}}}
{u'pt-br': {u'menu-equipe': {u'planos': u'planos de a\xe7\xe3o', u'lista-vermelha': u'lista vermelha', u'voluntarios': u'volunt\xe1rios', u'sistemas': u'sistemas e sig', u'exsitu': u'ex-situ', u'coordenacao': u'coordena\xe7\xe3o', u'comunicacao': u'comunica\xe7\xe3o', u'colecoes': u'cole\xe7\xf5es bot\xe2nicas'}, u'menu': {u'contact': u'contato', u'whoweare': u'sobre o cncflora', u'equipe': u'equipe'}, u'form-contato': {u'message': u'Mensagem', u'subject': u'Assunto', u'name': u'Seu nome', u'email': u'seu e-mail'}}}
{u'pt-br': {u'menu-equipe': {u'planos': u'planos de a\xe7\xe3o', u'lista-vermelha': u'lista vermelha', u'voluntarios': u'volunt\xe1rios', u'sistemas': u'sistemas e sig', u'exsitu': u'ex-situ', u'coordenacao': u'coordena\xe7\xe3o', u'comunicacao': u'comunica\xe7\xe3o', u'colecoes': u'cole\xe7\xf5es bot\xe2nicas'}, u'menu': {u'contact': u'contato', u'whoweare': u'sobre o cncflora', u'equipe': u'equipe'}, u'form-contato': {u'message': u'Mensagem', u'subject': u'Assunto', u'name': u'Seu nome', u'email': u'seu e-mail'}}}
{u'pt-br': {u'menu-equipe': {u'planos': u'planos de a\xe7\xe3o', u'lista-vermelha': u'lista vermelha', u'voluntarios': u'volunt\xe1rios', u'sistemas': u'sistemas e sig', u'exsitu': u'ex-situ', u'coordenacao': u'coordena\xe7\xe3o', u'comunicacao': u'comunica\xe7\xe3o', u'colecoes': u'cole\xe7\xf5es bot\xe2nicas'}, u'menu': {u'contact': u'contato', u'whoweare': u'sobre o cncflora', u'equipe': u'equipe'}, u'form-contato': {u'message': u'Mensagem', u'subject': u'Assunto', u'name': u'Seu nome', u'email': u'seu e-mail'}}}
{u'pt-br': {u'menu-equipe': {u'planos': u'planos de a\xe7\xe3o', u'lista-vermelha': u'lista vermelha', u'voluntarios': u'volunt\xe1rios', u'sistemas': u'sistemas e sig', u'exsitu': u'ex-situ', u'coordenacao': u'coordena\xe7\xe3o', u'comunicacao': u'comunica\xe7\xe3o', u'colecoes': u'cole\xe7\xf5es bot\xe2nicas'}, u'menu': {u'contact': u'contato', u'whoweare': u'sobre o cncflora', u'equipe': u'equipe'}, u'form-contato': {u'message': u'Mensagem', u'subject': u'Assunto', u'name': u'Seu nome', u'email': u'seu e-mail'}}}
{u'pt-br': {u'menu-equipe': {u'planos': u'planos de a\xe7\xe3o', u'lista-vermelha': u'lista vermelha', u'voluntarios': u'volunt\xe1rios', u'sistemas': u'sistemas e sig', u'exsitu': u'ex-situ', u'coordenacao': u'coordena\xe7\xe3o', u'comunicacao': u'comunica\xe7\xe3o', u'colecoes': u'cole\xe7\xf5es bot\xe2nicas'}, u'menu': {u'contact': u'contato', u'whoweare': u'sobre o cncflora', u'equipe': u'equipe'}, u'form-contato': {u'message': u'Mensagem', u'subject': u'Assunto', u'name': u'Seu nome', u'email': u'seu e-mail'}}}
{u'pt-br': {u'menu-equipe': {u'planos': u'planos de a\xe7\xe3o', u'lista-vermelha': u'lista vermelha', u'voluntarios': u'volunt\xe1rios', u'sistemas': u'sistemas e sig', u'exsitu': u'ex-situ', u'coordenacao': u'coordena\xe7\xe3o', u'comunicacao': u'comunica\xe7\xe3o', u'colecoes': u'cole\xe7\xf5es bot\xe2nicas'}, u'menu': {u'contact': u'contato', u'whoweare': u'sobre o cncflora', u'equipe': u'equipe'}, u'form-contato': {u'message': u'Mensagem', u'subject': u'Assunto', u'name': u'Seu nome', u'email': u'seu e-mail'}}}
{u'pt-br': {u'menu-equipe': {u'planos': u'planos de a\xe7\xe3o', u'lista-vermelha': u'lista vermelha', u'voluntarios': u'volunt\xe1rios', u'sistemas': u'sistemas e sig', u'exsitu': u'ex-situ', u'coordenacao': u'coordena\xe7\xe3o', u'comunicacao': u'comunica\xe7\xe3o', u'colecoes': u'cole\xe7\xf5es bot\xe2nicas'}, u'menu': {u'contact': u'contato', u'whoweare': u'sobre o cncflora', u'equipe': u'equipe'}, u'form-contato': {u'message': u'Mensagem', u'subject': u'Assunto', u'name': u'Seu nome', u'email': u'seu e-mail'}}}
{u'pt-br': {u'menu-equipe': {u'planos': u'planos de a\xe7\xe3o', u'lista-vermelha': u'lista vermelha', u'voluntarios': u'volunt\xe1rios', u'sistemas': u'sistemas e sig', u'exsitu': u'ex-situ', u'coordenacao': u'coordena\xe7\xe3o', u'comunicacao': u'comunica\xe7\xe3o', u'colecoes': u'cole\xe7\xf5es bot\xe2nicas'}, u'menu': {u'contact': u'contato', u'whoweare': u'sobre o cncflora', u'equipe': u'equipe'}, u'form-contato': {u'message': u'Mensagem', u'subject': u'Assunto', u'name': u'Seu nome', u'email': u'seu e-mail'}}}
{u'pt-br': {u'menu-equipe': {u'planos': u'planos de a\xe7\xe3o', u'lista-vermelha': u'lista vermelha', u'voluntarios': u'volunt\xe1rios', u'sistemas': u'sistemas e sig', u'exsitu': u'ex-situ', u'coordenacao': u'coordena\xe7\xe3o', u'comunicacao': u'comunica\xe7\xe3o', u'colecoes': u'cole\xe7\xf5es bot\xe2nicas'}, u'menu': {u'contact': u'contato', u'whoweare': u'sobre o cncflora', u'equipe': u'equipe'}, u'form-contato': {u'message': u'Mensagem', u'subject': u'Assunto', u'name': u'Seu nome', u'email': u'seu e-mail'}}}
{u'pt-br': {u'menu-equipe': {u'planos': u'planos de a\xe7\xe3o', u'lista-vermelha': u'lista vermelha', u'voluntarios': u'volunt\xe1rios', u'sistemas': u'sistemas e sig', u'exsitu': u'ex-situ', u'coordenacao': u'coordena\xe7\xe3o', u'comunicacao': u'comunica\xe7\xe3o', u'colecoes': u'cole\xe7\xf5es bot\xe2nicas'}, u'menu': {u'contact': u'contato', u'whoweare': u'sobre o cncflora', u'equipe': u'equipe'}, u'form-contato': {u'message': u'Mensagem', u'subject': u'Assunto', u'name': u'Seu nome', u'email': u'seu e-mail'}}}
{u'pt-br': {u'menu-equipe': {u'planos': u'planos de a\xe7\xe3o', u'lista-vermelha': u'lista vermelha', u'voluntarios': u'volunt\xe1rios', u'sistemas': u'sistemas e sig', u'exsitu': u'ex-situ', u'coordenacao': u'coordena\xe7\xe3o', u'comunicacao': u'comunica\xe7\xe3o', u'colecoes': u'cole\xe7\xf5es bot\xe2nicas'}, u'menu': {u'contact': u'contato', u'whoweare': u'sobre o cncflora', u'equipe': u'equipe'}, u'form-contato': {u'message': u'Mensagem', u'subject': u'Assunto', u'name': u'Seu nome', u'email': u'seu e-mail'}}}
{u'pt-br': {u'menu-equipe': {u'planos': u'planos de a\xe7\xe3o', u'lista-vermelha': u'lista vermelha', u'voluntarios': u'volunt\xe1rios', u'sistemas': u'sistemas e sig', u'exsitu': u'ex-situ', u'coordenacao': u'coordena\xe7\xe3o', u'comunicacao': u'comunica\xe7\xe3o', u'colecoes': u'cole\xe7\xf5es bot\xe2nicas'}, u'menu': {u'contact': u'contato', u'whoweare': u'sobre o cncflora', u'equipe': u'equipe'}, u'form-contato': {u'message': u'Mensagem', u'subject': u'Assunto', u'name': u'Seu nome', u'email': u'seu e-mail'}}}
{u'pt-br': {u'menu-equipe': {u'planos': u'planos de a\xe7\xe3o', u'lista-vermelha': u'lista vermelha', u'voluntarios': u'volunt\xe1rios', u'sistemas': u'sistemas e sig', u'exsitu': u'ex-situ', u'coordenacao': u'coordena\xe7\xe3o', u'comunicacao': u'comunica\xe7\xe3o', u'colecoes': u'cole\xe7\xf5es bot\xe2nicas'}, u'menu': {u'contact': u'contato', u'whoweare': u'sobre o cncflora', u'equipe': u'equipe'}, u'form-contato': {u'message': u'Mensagem', u'subject': u'Assunto', u'name': u'Seu nome', u'email': u'seu e-mail'}}}
{u'pt-br': {u'menu-equipe': {u'planos': u'planos de a\xe7\xe3o', u'lista-vermelha': u'lista vermelha', u'voluntarios': u'volunt\xe1rios', u'sistemas': u'sistemas e sig', u'exsitu': u'ex-situ', u'coordenacao': u'coordena\xe7\xe3o', u'comunicacao': u'comunica\xe7\xe3o', u'colecoes': u'cole\xe7\xf5es bot\xe2nicas'}, u'menu': {u'contact': u'contato', u'whoweare': u'sobre o cncflora', u'equipe': u'equipe'}, u'form-contato': {u'message': u'Mensagem', u'subject': u'Assunto', u'name': u'Seu nome', u'email': u'seu e-mail'}}}
{u'pt-br': {u'menu-equipe': {u'planos': u'planos de a\xe7\xe3o', u'lista-vermelha': u'lista vermelha', u'voluntarios': u'volunt\xe1rios', u'sistemas': u'sistemas e sig', u'exsitu': u'ex-situ', u'coordenacao': u'coordena\xe7\xe3o', u'comunicacao': u'comunica\xe7\xe3o', u'colecoes': u'cole\xe7\xf5es bot\xe2nicas'}, u'menu': {u'contact': u'contato', u'whoweare': u'sobre o cncflora', u'equipe': u'equipe'}, u'form-contato': {u'message': u'Mensagem', u'subject': u'Assunto', u'name': u'Seu nome', u'email': u'seu e-mail'}}}
{u'pt-br': {u'menu-equipe': {u'planos': u'planos de a\xe7\xe3o', u'lista-vermelha': u'lista vermelha', u'voluntarios': u'volunt\xe1rios', u'sistemas': u'sistemas e sig', u'exsitu': u'ex-situ', u'coordenacao': u'coordena\xe7\xe3o', u'comunicacao': u'comunica\xe7\xe3o', u'colecoes': u'cole\xe7\xf5es bot\xe2nicas'}, u'menu': {u'contact': u'contato', u'whoweare': u'sobre o cncflora', u'equipe': u'equipe'}, u'form-contato': {u'message': u'Mensagem', u'subject': u'Assunto', u'name': u'Seu nome', u'email': u'seu e-mail'}}}
{u'pt-br': {u'menu-equipe': {u'planos': u'planos de a\xe7\xe3o', u'lista-vermelha': u'lista vermelha', u'voluntarios': u'volunt\xe1rios', u'sistemas': u'sistemas e sig', u'exsitu': u'ex-situ', u'coordenacao': u'coordena\xe7\xe3o', u'comunicacao': u'comunica\xe7\xe3o', u'colecoes': u'cole\xe7\xf5es bot\xe2nicas'}, u'menu': {u'contact': u'contato', u'whoweare': u'sobre o cncflora', u'equipe': u'equipe'}, u'form-contato': {u'message': u'Mensagem', u'subject': u'Assunto', u'name': u'Seu nome', u'email': u'seu e-mail'}}}
{u'pt-br': {u'menu-equipe': {u'planos': u'planos de a\xe7\xe3o', u'lista-vermelha': u'lista vermelha', u'voluntarios': u'volunt\xe1rios', u'sistemas': u'sistemas e sig', u'exsitu': u'ex-situ', u'coordenacao': u'coordena\xe7\xe3o', u'comunicacao': u'comunica\xe7\xe3o', u'colecoes': u'cole\xe7\xf5es bot\xe2nicas'}, u'menu': {u'contact': u'contato', u'whoweare': u'sobre o cncflora', u'equipe': u'equipe'}, u'form-contato': {u'message': u'Mensagem', u'subject': u'Assunto', u'name': u'Seu nome', u'email': u'seu e-mail'}}}
{u'pt-br': {u'menu-equipe': {u'planos': u'planos de a\xe7\xe3o', u'lista-vermelha': u'lista vermelha', u'voluntarios': u'volunt\xe1rios', u'sistemas': u'sistemas e sig', u'exsitu': u'ex-situ', u'coordenacao': u'coordena\xe7\xe3o', u'comunicacao': u'comunica\xe7\xe3o', u'colecoes': u'cole\xe7\xf5es bot\xe2nicas'}, u'menu': {u'contact': u'contato', u'whoweare': u'sobre o cncflora', u'equipe': u'equipe'}, u'form-contato': {u'message': u'Mensagem', u'subject': u'Assunto', u'name': u'Seu nome', u'email': u'seu e-mail'}}}
{u'pt-br': {u'menu-equipe': {u'planos': u'planos de a\xe7\xe3o', u'lista-vermelha': u'lista vermelha', u'voluntarios': u'volunt\xe1rios', u'sistemas': u'sistemas e sig', u'exsitu': u'ex-situ', u'coordenacao': u'coordena\xe7\xe3o', u'comunicacao': u'comunica\xe7\xe3o', u'colecoes': u'cole\xe7\xf5es bot\xe2nicas'}, u'menu': {u'contact': u'contato', u'whoweare': u'sobre o cncflora', u'equipe': u'equipe'}, u'form-contato': {u'message': u'Mensagem', u'subject': u'Assunto', u'name': u'Seu nome', u'email': u'seu e-mail'}}}
{u'pt-br': {u'menu-equipe': {u'planos': u'planos de a\xe7\xe3o', u'lista-vermelha': u'lista vermelha', u'voluntarios': u'volunt\xe1rios', u'sistemas': u'sistemas e sig', u'exsitu': u'ex-situ', u'coordenacao': u'coordena\xe7\xe3o', u'comunicacao': u'comunica\xe7\xe3o', u'colecoes': u'cole\xe7\xf5es bot\xe2nicas'}, u'menu': {u'contact': u'contato', u'whoweare': u'sobre o cncflora', u'equipe': u'equipe'}, u'form-contato': {u'message': u'Mensagem', u'subject': u'Assunto', u'name': u'Seu nome', u'email': u'seu e-mail'}}}
{u'pt-br': {u'menu-equipe': {u'planos': u'planos de a\xe7\xe3o', u'lista-vermelha': u'lista vermelha', u'voluntarios': u'volunt\xe1rios', u'sistemas': u'sistemas e sig', u'exsitu': u'ex-situ', u'coordenacao': u'coordena\xe7\xe3o', u'comunicacao': u'comunica\xe7\xe3o', u'colecoes': u'cole\xe7\xf5es bot\xe2nicas'}, u'menu': {u'contact': u'contato', u'whoweare': u'sobre o cncflora', u'equipe': u'equipe'}, u'form-contato': {u'message': u'Mensagem', u'subject': u'Assunto', u'name': u'Seu nome', u'email': u'seu e-mail'}}}
{u'pt-br': {u'menu-equipe': {u'planos': u'planos de a\xe7\xe3o', u'lista-vermelha': u'lista vermelha', u'voluntarios': u'volunt\xe1rios', u'sistemas': u'sistemas e sig', u'exsitu': u'ex-situ', u'coordenacao': u'coordena\xe7\xe3o', u'comunicacao': u'comunica\xe7\xe3o', u'colecoes': u'cole\xe7\xf5es bot\xe2nicas'}, u'menu': {u'contact': u'contato', u'whoweare': u'sobre o cncflora', u'equipe': u'equipe'}, u'form-contato': {u'message': u'Mensagem', u'subject': u'Assunto', u'name': u'Seu nome', u'email': u'seu e-mail'}}}
{u'pt-br': {u'menu-equipe': {u'planos': u'planos de a\xe7\xe3o', u'lista-vermelha': u'lista vermelha', u'voluntarios': u'volunt\xe1rios', u'sistemas': u'sistemas e sig', u'exsitu': u'ex-situ', u'coordenacao': u'coordena\xe7\xe3o', u'comunicacao': u'comunica\xe7\xe3o', u'colecoes': u'cole\xe7\xf5es bot\xe2nicas'}, u'menu': {u'contact': u'contato', u'whoweare': u'sobre o cncflora', u'equipe': u'equipe'}, u'form-contato': {u'message': u'Mensagem', u'subject': u'Assunto', u'name': u'Seu nome', u'email': u'seu e-mail'}}}
{u'pt-br': {u'menu-equipe': {u'planos': u'planos de a\xe7\xe3o', u'lista-vermelha': u'lista vermelha', u'voluntarios': u'volunt\xe1rios', u'sistemas': u'sistemas e sig', u'exsitu': u'ex-situ', u'coordenacao': u'coordena\xe7\xe3o', u'comunicacao': u'comunica\xe7\xe3o', u'colecoes': u'cole\xe7\xf5es bot\xe2nicas'}, u'menu': {u'contact': u'contato', u'whoweare': u'sobre o cncflora', u'equipe': u'equipe'}, u'form-contato': {u'message': u'Mensagem', u'subject': u'Assunto', u'name': u'Seu nome', u'email': u'seu e-mail'}}}
{u'pt-br': {u'menu-equipe': {u'planos': u'planos de a\xe7\xe3o', u'lista-vermelha': u'lista vermelha', u'voluntarios': u'volunt\xe1rios', u'sistemas': u'sistemas e sig', u'exsitu': u'ex-situ', u'coordenacao': u'coordena\xe7\xe3o', u'comunicacao': u'comunica\xe7\xe3o', u'colecoes': u'cole\xe7\xf5es bot\xe2nicas'}, u'menu': {u'contact': u'contato', u'whoweare': u'sobre o cncflora', u'equipe': u'equipe'}, u'form-contato': {u'message': u'Mensagem', u'subject': u'Assunto', u'name': u'Seu nome', u'email': u'seu e-mail'}}}
{u'pt-br': {u'menu-equipe': {u'planos': u'planos de a\xe7\xe3o', u'lista-vermelha': u'lista vermelha', u'voluntarios': u'volunt\xe1rios', u'sistemas': u'sistemas e sig', u'exsitu': u'ex-situ', u'coordenacao': u'coordena\xe7\xe3o', u'comunicacao': u'comunica\xe7\xe3o', u'colecoes': u'cole\xe7\xf5es bot\xe2nicas'}, u'menu': {u'contact': u'contato', u'whoweare': u'sobre o cncflora', u'equipe': u'equipe'}, u'form-contato': {u'message': u'Mensagem', u'subject': u'Assunto', u'name': u'Seu nome', u'email': u'seu e-mail'}}}
{u'pt-br': {u'menu-equipe': {u'planos': u'planos de a\xe7\xe3o', u'lista-vermelha': u'lista vermelha', u'voluntarios': u'volunt\xe1rios', u'sistemas': u'sistemas e sig', u'exsitu': u'ex-situ', u'coordenacao': u'coordena\xe7\xe3o', u'comunicacao': u'comunica\xe7\xe3o', u'colecoes': u'cole\xe7\xf5es bot\xe2nicas'}, u'menu': {u'contact': u'contato', u'whoweare': u'sobre o cncflora', u'equipe': u'equipe'}, u'form-contato': {u'message': u'Mensagem', u'subject': u'Assunto', u'name': u'Seu nome', u'email': u'seu e-mail'}}}
{u'pt-br': {u'menu-equipe': {u'planos': u'planos de a\xe7\xe3o', u'lista-vermelha': u'lista vermelha', u'voluntarios': u'volunt\xe1rios', u'sistemas': u'sistemas e sig', u'exsitu': u'ex-situ', u'coordenacao': u'coordena\xe7\xe3o', u'comunicacao': u'comunica\xe7\xe3o', u'colecoes': u'cole\xe7\xf5es bot\xe2nicas'}, u'menu': {u'contact': u'contato', u'whoweare': u'sobre o cncflora', u'equipe': u'equipe'}, u'form-contato': {u'message': u'Mensagem', u'subject': u'Assunto', u'name': u'Seu nome', u'email': u'seu e-mail'}}}
{u'pt-br': {u'menu-equipe': {u'planos': u'planos de a\xe7\xe3o', u'lista-vermelha': u'lista vermelha', u'voluntarios': u'volunt\xe1rios', u'sistemas': u'sistemas e sig', u'exsitu': u'ex-situ', u'coordenacao': u'coordena\xe7\xe3o', u'comunicacao': u'comunica\xe7\xe3o', u'colecoes': u'cole\xe7\xf5es bot\xe2nicas'}, u'menu': {u'contact': u'contato', u'whoweare': u'sobre o cncflora', u'equipe': u'equipe'}, u'form-contato': {u'message': u'Mensagem', u'subject': u'Assunto', u'name': u'Seu nome', u'email': u'seu e-mail'}}}
{u'pt-br': {u'menu-equipe': {u'planos': u'planos de a\xe7\xe3o', u'lista-vermelha': u'lista vermelha', u'voluntarios': u'volunt\xe1rios', u'sistemas': u'sistemas e sig', u'exsitu': u'ex-situ', u'coordenacao': u'coordena\xe7\xe3o', u'comunicacao': u'comunica\xe7\xe3o', u'colecoes': u'cole\xe7\xf5es bot\xe2nicas'}, u'menu': {u'contact': u'contato', u'whoweare': u'sobre o cncflora', u'equipe': u'equipe'}, u'form-contato': {u'message': u'Mensagem', u'subject': u'Assunto', u'name': u'Seu nome', u'email': u'seu e-mail'}}}
{u'pt-br': {u'menu-equipe': {u'planos': u'planos de a\xe7\xe3o', u'lista-vermelha': u'lista vermelha', u'voluntarios': u'volunt\xe1rios', u'sistemas': u'sistemas e sig', u'exsitu': u'ex-situ', u'coordenacao': u'coordena\xe7\xe3o', u'comunicacao': u'comunica\xe7\xe3o', u'colecoes': u'cole\xe7\xf5es bot\xe2nicas'}, u'menu': {u'contact': u'contato', u'whoweare': u'sobre o cncflora', u'equipe': u'equipe'}, u'form-contato': {u'message': u'Mensagem', u'subject': u'Assunto', u'name': u'Seu nome', u'email': u'seu e-mail'}}}
{u'pt-br': {u'menu-equipe': {u'planos': u'planos de a\xe7\xe3o', u'lista-vermelha': u'lista vermelha', u'voluntarios': u'volunt\xe1rios', u'sistemas': u'sistemas e sig', u'exsitu': u'ex-situ', u'coordenacao': u'coordena\xe7\xe3o', u'comunicacao': u'comunica\xe7\xe3o', u'colecoes': u'cole\xe7\xf5es bot\xe2nicas'}, u'menu': {u'contact': u'contato', u'whoweare': u'sobre o cncflora', u'equipe': u'equipe'}, u'form-contato': {u'message': u'Mensagem', u'subject': u'Assunto', u'name': u'Seu nome', u'email': u'seu e-mail'}}}
{u'pt-br': {u'menu-equipe': {u'planos': u'planos de a\xe7\xe3o', u'lista-vermelha': u'lista vermelha', u'voluntarios': u'volunt\xe1rios', u'sistemas': u'sistemas e sig', u'exsitu': u'ex-situ', u'coordenacao': u'coordena\xe7\xe3o', u'comunicacao': u'comunica\xe7\xe3o', u'colecoes': u'cole\xe7\xf5es bot\xe2nicas'}, u'menu': {u'contact': u'contato', u'whoweare': u'sobre o cncflora', u'equipe': u'equipe'}, u'form-contato': {u'message': u'Mensagem', u'subject': u'Assunto', u'name': u'Seu nome', u'email': u'seu e-mail'}}}
{u'pt-br': {u'menu-equipe': {u'planos': u'planos de a\xe7\xe3o', u'lista-vermelha': u'lista vermelha', u'voluntarios': u'volunt\xe1rios', u'sistemas': u'sistemas e sig', u'exsitu': u'ex-situ', u'coordenacao': u'coordena\xe7\xe3o', u'comunicacao': u'comunica\xe7\xe3o', u'colecoes': u'cole\xe7\xf5es bot\xe2nicas'}, u'menu': {u'contact': u'contato', u'whoweare': u'sobre o cncflora', u'equipe': u'equipe'}, u'form-contato': {u'message': u'Mensagem', u'subject': u'Assunto', u'name': u'Seu nome', u'email': u'seu e-mail'}}}
{u'pt-br': {u'menu-equipe': {u'planos': u'planos de a\xe7\xe3o', u'lista-vermelha': u'lista vermelha', u'voluntarios': u'volunt\xe1rios', u'sistemas': u'sistemas e sig', u'exsitu': u'ex-situ', u'coordenacao': u'coordena\xe7\xe3o', u'comunicacao': u'comunica\xe7\xe3o', u'colecoes': u'cole\xe7\xf5es bot\xe2nicas'}, u'menu': {u'contact': u'contato', u'whoweare': u'sobre o cncflora', u'equipe': u'equipe'}, u'form-contato': {u'message': u'Mensagem', u'subject': u'Assunto', u'name': u'Seu nome', u'email': u'seu e-mail'}}}
{u'pt-br': {u'menu-equipe': {u'planos': u'planos de a\xe7\xe3o', u'lista-vermelha': u'lista vermelha', u'voluntarios': u'volunt\xe1rios', u'sistemas': u'sistemas e sig', u'exsitu': u'ex-situ', u'coordenacao': u'coordena\xe7\xe3o', u'comunicacao': u'comunica\xe7\xe3o', u'colecoes': u'cole\xe7\xf5es bot\xe2nicas'}, u'menu': {u'contact': u'contato', u'whoweare': u'sobre o cncflora', u'equipe': u'equipe'}, u'form-contato': {u'message': u'Mensagem', u'subject': u'Assunto', u'name': u'Seu nome', u'email': u'seu e-mail'}}}
{u'pt-br': {u'menu-equipe': {u'planos': u'planos de a\xe7\xe3o', u'lista-vermelha': u'lista vermelha', u'voluntarios': u'volunt\xe1rios', u'sistemas': u'sistemas e sig', u'exsitu': u'ex-situ', u'coordenacao': u'coordena\xe7\xe3o', u'comunicacao': u'comunica\xe7\xe3o', u'colecoes': u'cole\xe7\xf5es bot\xe2nicas'}, u'menu': {u'contact': u'contato', u'whoweare': u'sobre o cncflora', u'equipe': u'equipe'}, u'form-contato': {u'message': u'Mensagem', u'subject': u'Assunto', u'name': u'Seu nome', u'email': u'seu e-mail'}}}
{u'pt-br': {u'menu-equipe': {u'planos': u'planos de a\xe7\xe3o', u'lista-vermelha': u'lista vermelha', u'voluntarios': u'volunt\xe1rios', u'sistemas': u'sistemas e sig', u'exsitu': u'ex-situ', u'coordenacao': u'coordena\xe7\xe3o', u'comunicacao': u'comunica\xe7\xe3o', u'colecoes': u'cole\xe7\xf5es bot\xe2nicas'}, u'menu': {u'contact': u'contato', u'whoweare': u'sobre o cncflora', u'equipe': u'equipe'}, u'form-contato': {u'message': u'Mensagem', u'subject': u'Assunto', u'name': u'Seu nome', u'email': u'seu e-mail'}}}
{u'pt-br': {u'menu-equipe': {u'planos': u'planos de a\xe7\xe3o', u'lista-vermelha': u'lista vermelha', u'voluntarios': u'volunt\xe1rios', u'sistemas': u'sistemas e sig', u'exsitu': u'ex-situ', u'coordenacao': u'coordena\xe7\xe3o', u'comunicacao': u'comunica\xe7\xe3o', u'colecoes': u'cole\xe7\xf5es bot\xe2nicas'}, u'menu': {u'contact': u'contato', u'whoweare': u'sobre o cncflora', u'equipe': u'equipe'}, u'form-contato': {u'message': u'Mensagem', u'subject': u'Assunto', u'name': u'Seu nome', u'email': u'seu e-mail'}}}
{u'pt-br': {u'menu-equipe': {u'planos': u'planos de a\xe7\xe3o', u'lista-vermelha': u'lista vermelha', u'voluntarios': u'volunt\xe1rios', u'sistemas': u'sistemas e sig', u'exsitu': u'ex-situ', u'coordenacao': u'coordena\xe7\xe3o', u'comunicacao': u'comunica\xe7\xe3o', u'colecoes': u'cole\xe7\xf5es bot\xe2nicas'}, u'menu': {u'contact': u'contato', u'whoweare': u'sobre o cncflora', u'equipe': u'equipe'}, u'form-contato': {u'message': u'Mensagem', u'subject': u'Assunto', u'name': u'Seu nome', u'email': u'seu e-mail'}}}
{u'pt-br': {u'menu-equipe': {u'planos': u'planos de a\xe7\xe3o', u'lista-vermelha': u'lista vermelha', u'voluntarios': u'volunt\xe1rios', u'sistemas': u'sistemas e sig', u'exsitu': u'ex-situ', u'coordenacao': u'coordena\xe7\xe3o', u'comunicacao': u'comunica\xe7\xe3o', u'colecoes': u'cole\xe7\xf5es bot\xe2nicas'}, u'menu': {u'contact': u'contato', u'whoweare': u'sobre o cncflora', u'equipe': u'equipe'}, u'form-contato': {u'message': u'Mensagem', u'subject': u'Assunto', u'name': u'Seu nome', u'email': u'seu e-mail'}}}
{u'pt-br': {u'menu-equipe': {u'planos': u'planos de a\xe7\xe3o', u'lista-vermelha': u'lista vermelha', u'voluntarios': u'volunt\xe1rios', u'sistemas': u'sistemas e sig', u'exsitu': u'ex-situ', u'coordenacao': u'coordena\xe7\xe3o', u'comunicacao': u'comunica\xe7\xe3o', u'colecoes': u'cole\xe7\xf5es bot\xe2nicas'}, u'menu': {u'contact': u'contato', u'whoweare': u'sobre o cncflora', u'equipe': u'equipe'}, u'form-contato': {u'message': u'Mensagem', u'subject': u'Assunto', u'name': u'Seu nome', u'email': u'seu e-mail'}}}
{u'pt-br': {u'menu-equipe': {u'planos': u'planos de a\xe7\xe3o', u'lista-vermelha': u'lista vermelha', u'voluntarios': u'volunt\xe1rios', u'sistemas': u'sistemas e sig', u'exsitu': u'ex-situ', u'coordenacao': u'coordena\xe7\xe3o', u'comunicacao': u'comunica\xe7\xe3o', u'colecoes': u'cole\xe7\xf5es bot\xe2nicas'}, u'menu': {u'contact': u'contato', u'whoweare': u'sobre o cncflora', u'equipe': u'equipe'}, u'form-contato': {u'message': u'Mensagem', u'subject': u'Assunto', u'name': u'Seu nome', u'email': u'seu e-mail'}}}
{u'pt-br': {u'menu-equipe': {u'planos': u'planos de a\xe7\xe3o', u'lista-vermelha': u'lista vermelha', u'voluntarios': u'volunt\xe1rios', u'sistemas': u'sistemas e sig', u'exsitu': u'ex-situ', u'coordenacao': u'coordena\xe7\xe3o', u'comunicacao': u'comunica\xe7\xe3o', u'colecoes': u'cole\xe7\xf5es bot\xe2nicas'}, u'menu': {u'contact': u'contato', u'whoweare': u'sobre o cncflora', u'equipe': u'equipe'}, u'form-contato': {u'message': u'Mensagem', u'subject': u'Assunto', u'name': u'Seu nome', u'email': u'seu e-mail'}}}
{u'pt-br': {u'menu-equipe': {u'planos': u'planos de a\xe7\xe3o', u'lista-vermelha': u'lista vermelha', u'voluntarios': u'volunt\xe1rios', u'sistemas': u'sistemas e sig', u'exsitu': u'ex-situ', u'coordenacao': u'coordena\xe7\xe3o', u'comunicacao': u'comunica\xe7\xe3o', u'colecoes': u'cole\xe7\xf5es bot\xe2nicas'}, u'menu': {u'contact': u'contato', u'whoweare': u'sobre o cncflora', u'equipe': u'equipe'}, u'form-contato': {u'message': u'Mensagem', u'subject': u'Assunto', u'name': u'Seu nome', u'email': u'seu e-mail'}}}
{u'pt-br': {u'menu-equipe': {u'planos': u'planos de a\xe7\xe3o', u'lista-vermelha': u'lista vermelha', u'voluntarios': u'volunt\xe1rios', u'sistemas': u'sistemas e sig', u'exsitu': u'ex-situ', u'coordenacao': u'coordena\xe7\xe3o', u'comunicacao': u'comunica\xe7\xe3o', u'colecoes': u'cole\xe7\xf5es bot\xe2nicas'}, u'menu': {u'contact': u'contato', u'whoweare': u'sobre o cncflora', u'equipe': u'equipe'}, u'form-contato': {u'message': u'Mensagem', u'subject': u'Assunto', u'name': u'Seu nome', u'email': u'seu e-mail'}}}
{u'pt-br': {u'menu-equipe': {u'planos': u'planos de a\xe7\xe3o', u'lista-vermelha': u'lista vermelha', u'voluntarios': u'volunt\xe1rios', u'sistemas': u'sistemas e sig', u'exsitu': u'ex-situ', u'coordenacao': u'coordena\xe7\xe3o', u'comunicacao': u'comunica\xe7\xe3o', u'colecoes': u'cole\xe7\xf5es bot\xe2nicas'}, u'menu': {u'contact': u'contato', u'whoweare': u'sobre o cncflora', u'equipe': u'equipe'}, u'form-contato': {u'message': u'Mensagem', u'subject': u'Assunto', u'name': u'Seu nome', u'email': u'seu e-mail'}}}
{u'pt-br': {u'menu-equipe': {u'planos': u'planos de a\xe7\xe3o', u'lista-vermelha': u'lista vermelha', u'voluntarios': u'volunt\xe1rios', u'sistemas': u'sistemas e sig', u'exsitu': u'ex-situ', u'coordenacao': u'coordena\xe7\xe3o', u'comunicacao': u'comunica\xe7\xe3o', u'colecoes': u'cole\xe7\xf5es bot\xe2nicas'}, u'menu': {u'contact': u'contato', u'whoweare': u'sobre o cncflora', u'equipe': u'equipe'}, u'form-contato': {u'message': u'Mensagem', u'subject': u'Assunto', u'name': u'Seu nome', u'email': u'seu e-mail'}}}
{u'pt-br': {u'menu-equipe': {u'planos': u'planos de a\xe7\xe3o', u'lista-vermelha': u'lista vermelha', u'voluntarios': u'volunt\xe1rios', u'sistemas': u'sistemas e sig', u'exsitu': u'ex-situ', u'coordenacao': u'coordena\xe7\xe3o', u'comunicacao': u'comunica\xe7\xe3o', u'colecoes': u'cole\xe7\xf5es bot\xe2nicas'}, u'menu': {u'contact': u'contato', u'whoweare': u'sobre o cncflora', u'equipe': u'equipe'}, u'form-contato': {u'message': u'Mensagem', u'subject': u'Assunto', u'name': u'Seu nome', u'email': u'seu e-mail'}}}
{u'pt-br': {u'menu-equipe': {u'planos': u'planos de a\xe7\xe3o', u'lista-vermelha': u'lista vermelha', u'voluntarios': u'volunt\xe1rios', u'sistemas': u'sistemas e sig', u'exsitu': u'ex-situ', u'coordenacao': u'coordena\xe7\xe3o', u'comunicacao': u'comunica\xe7\xe3o', u'colecoes': u'cole\xe7\xf5es bot\xe2nicas'}, u'menu': {u'contact': u'contato', u'whoweare': u'sobre o cncflora', u'equipe': u'equipe'}, u'form-contato': {u'message': u'Mensagem', u'subject': u'Assunto', u'name': u'Seu nome', u'email': u'seu e-mail'}}}
{u'pt-br': {u'menu-equipe': {u'planos': u'planos de a\xe7\xe3o', u'lista-vermelha': u'lista vermelha', u'voluntarios': u'volunt\xe1rios', u'sistemas': u'sistemas e sig', u'exsitu': u'ex-situ', u'coordenacao': u'coordena\xe7\xe3o', u'comunicacao': u'comunica\xe7\xe3o', u'colecoes': u'cole\xe7\xf5es bot\xe2nicas'}, u'menu': {u'contact': u'contato', u'whoweare': u'sobre o cncflora', u'equipe': u'equipe'}, u'form-contato': {u'message': u'Mensagem', u'subject': u'Assunto', u'name': u'Seu nome', u'email': u'seu e-mail'}}}
{u'pt-br': {u'menu-equipe': {u'planos': u'planos de a\xe7\xe3o', u'voluntarios': u'volunt\xe1rios', u'sistemas': u'sistemas e sig', u'exsitu': u'ex-situ', u'coordenacao': u'coordena\xe7\xe3o', u'comunicacao': u'comunica\xe7\xe3o', u'colecoes': u'cole\xe7\xf5es bot\xe2nicas', u'analise': u'lista vermelha'}, u'menu': {u'contact': u'contato', u'whoweare': u'sobre o cncflora', u'equipe': u'equipe'}, u'form-contato': {u'message': u'Mensagem', u'subject': u'Assunto', u'name': u'Seu nome', u'email': u'seu e-mail'}}}
{u'pt-br': {u'menu-equipe': {u'planos': u'planos de a\xe7\xe3o', u'voluntarios': u'volunt\xe1rios', u'sistemas': u'sistemas e sig', u'exsitu': u'ex-situ', u'coordenacao': u'coordena\xe7\xe3o', u'comunicacao': u'comunica\xe7\xe3o', u'colecoes': u'cole\xe7\xf5es bot\xe2nicas', u'analise': u'lista vermelha'}, u'menu': {u'contact': u'contato', u'whoweare': u'sobre o cncflora', u'equipe': u'equipe'}, u'form-contato': {u'message': u'Mensagem', u'subject': u'Assunto', u'name': u'Seu nome', u'email': u'seu e-mail'}}}
{u'pt-br': {u'menu-equipe': {u'planos': u'planos de a\xe7\xe3o', u'voluntarios': u'volunt\xe1rios', u'sistemas': u'sistemas e sig', u'exsitu': u'ex-situ', u'coordenacao': u'coordena\xe7\xe3o', u'comunicacao': u'comunica\xe7\xe3o', u'colecoes': u'cole\xe7\xf5es bot\xe2nicas', u'analise': u'lista vermelha'}, u'menu': {u'contact': u'contato', u'whoweare': u'sobre o cncflora', u'equipe': u'equipe'}, u'form-contato': {u'message': u'Mensagem', u'subject': u'Assunto', u'name': u'Seu nome', u'email': u'seu e-mail'}}}
{u'pt-br': {u'menu-equipe': {u'planos': u'planos de a\xe7\xe3o', u'voluntarios': u'volunt\xe1rios', u'sistemas': u'sistemas e sig', u'exsitu': u'ex-situ', u'coordenacao': u'coordena\xe7\xe3o', u'comunicacao': u'comunica\xe7\xe3o', u'colecoes': u'cole\xe7\xf5es bot\xe2nicas', u'analise': u'lista vermelha'}, u'menu': {u'contact': u'contato', u'whoweare': u'sobre o cncflora', u'equipe': u'equipe'}, u'form-contato': {u'message': u'Mensagem', u'subject': u'Assunto', u'name': u'Seu nome', u'email': u'seu e-mail'}}}
{u'pt-br': {u'menu-equipe': {u'planos': u'planos de a\xe7\xe3o', u'voluntarios': u'volunt\xe1rios', u'sistemas': u'sistemas e sig', u'exsitu': u'ex-situ', u'coordenacao': u'coordena\xe7\xe3o', u'comunicacao': u'comunica\xe7\xe3o', u'colecoes': u'cole\xe7\xf5es bot\xe2nicas', u'analise': u'lista vermelha'}, u'menu': {u'contact': u'contato', u'whoweare': u'sobre o cncflora', u'equipe': u'equipe'}, u'form-contato': {u'message': u'Mensagem', u'subject': u'Assunto', u'name': u'Seu nome', u'email': u'seu e-mail'}}}
{u'pt-br': {u'menu-equipe': {u'planos': u'planos de a\xe7\xe3o', u'voluntarios': u'volunt\xe1rios', u'sistemas': u'sistemas e sig', u'exsitu': u'ex-situ', u'coordenacao': u'coordena\xe7\xe3o', u'comunicacao': u'comunica\xe7\xe3o', u'colecoes': u'cole\xe7\xf5es bot\xe2nicas', u'analise': u'lista vermelha'}, u'menu': {u'contact': u'contato', u'whoweare': u'sobre o cncflora', u'equipe': u'equipe'}, u'form-contato': {u'message': u'Mensagem', u'subject': u'Assunto', u'name': u'Seu nome', u'email': u'seu e-mail'}}}
{u'pt-br': {u'menu-equipe': {u'planos': u'planos de a\xe7\xe3o', u'voluntarios': u'volunt\xe1rios', u'sistemas': u'sistemas e sig', u'exsitu': u'ex-situ', u'coordenacao': u'coordena\xe7\xe3o', u'comunicacao': u'comunica\xe7\xe3o', u'colecoes': u'cole\xe7\xf5es bot\xe2nicas', u'analise': u'lista vermelha'}, u'menu': {u'contact': u'contato', u'whoweare': u'sobre o cncflora', u'equipe': u'equipe'}, u'form-contato': {u'message': u'Mensagem', u'subject': u'Assunto', u'name': u'Seu nome', u'email': u'seu e-mail'}}}
{u'pt-br': {u'menu-equipe': {u'planos': u'planos de a\xe7\xe3o', u'voluntarios': u'volunt\xe1rios', u'sistemas': u'sistemas e sig', u'exsitu': u'ex-situ', u'coordenacao': u'coordena\xe7\xe3o', u'comunicacao': u'comunica\xe7\xe3o', u'colecoes': u'cole\xe7\xf5es bot\xe2nicas', u'analise': u'lista vermelha'}, u'menu': {u'contact': u'contato', u'whoweare': u'sobre o cncflora', u'equipe': u'equipe'}, u'form-contato': {u'message': u'Mensagem', u'subject': u'Assunto', u'name': u'Seu nome', u'email': u'seu e-mail'}}}
{u'pt-br': {u'menu-equipe': {u'planos': u'planos de a\xe7\xe3o', u'voluntarios': u'volunt\xe1rios', u'sistemas': u'sistemas e sig', u'exsitu': u'ex-situ', u'coordenacao': u'coordena\xe7\xe3o', u'comunicacao': u'comunica\xe7\xe3o', u'colecoes': u'cole\xe7\xf5es bot\xe2nicas', u'analise': u'lista vermelha'}, u'menu': {u'contact': u'contato', u'whoweare': u'sobre o cncflora', u'equipe': u'equipe'}, u'form-contato': {u'message': u'Mensagem', u'subject': u'Assunto', u'name': u'Seu nome', u'email': u'seu e-mail'}}}
{u'pt-br': {u'menu-equipe': {u'planos': u'planos de a\xe7\xe3o', u'voluntarios': u'volunt\xe1rios', u'sistemas': u'sistemas e sig', u'exsitu': u'ex-situ', u'coordenacao': u'coordena\xe7\xe3o', u'comunicacao': u'comunica\xe7\xe3o', u'colecoes': u'cole\xe7\xf5es bot\xe2nicas', u'analise': u'lista vermelha'}, u'menu': {u'contact': u'contato', u'whoweare': u'sobre o cncflora', u'equipe': u'equipe'}, u'form-contato': {u'message': u'Mensagem', u'subject': u'Assunto', u'name': u'Seu nome', u'email': u'seu e-mail'}}}
{u'pt-br': {u'menu-equipe': {u'planos': u'planos de a\xe7\xe3o', u'voluntarios': u'volunt\xe1rios', u'sistemas': u'sistemas e sig', u'exsitu': u'ex-situ', u'coordenacao': u'coordena\xe7\xe3o', u'comunicacao': u'comunica\xe7\xe3o', u'colecoes': u'cole\xe7\xf5es bot\xe2nicas', u'analise': u'lista vermelha'}, u'menu': {u'contact': u'contato', u'whoweare': u'sobre o cncflora', u'equipe': u'equipe'}, u'form-contato': {u'message': u'Mensagem', u'subject': u'Assunto', u'name': u'Seu nome', u'email': u'seu e-mail'}}}
{u'pt-br': {u'menu-equipe': {u'planos': u'planos de a\xe7\xe3o', u'voluntarios': u'volunt\xe1rios', u'sistemas': u'sistemas e sig', u'exsitu': u'ex-situ', u'coordenacao': u'coordena\xe7\xe3o', u'comunicacao': u'comunica\xe7\xe3o', u'colecoes': u'cole\xe7\xf5es bot\xe2nicas', u'analise': u'lista vermelha'}, u'menu': {u'contact': u'contato', u'whoweare': u'sobre o cncflora', u'equipe': u'equipe'}, u'form-contato': {u'message': u'Mensagem', u'subject': u'Assunto', u'name': u'Seu nome', u'email': u'seu e-mail'}}}
{u'pt-br': {u'menu-equipe': {u'planos': u'planos de a\xe7\xe3o', u'voluntarios': u'volunt\xe1rios', u'sistemas': u'sistemas e sig', u'exsitu': u'ex-situ', u'coordenacao': u'coordena\xe7\xe3o', u'comunicacao': u'comunica\xe7\xe3o', u'colecoes': u'cole\xe7\xf5es bot\xe2nicas', u'analise': u'lista vermelha'}, u'menu': {u'contact': u'contato', u'whoweare': u'sobre o cncflora', u'equipe': u'equipe'}, u'form-contato': {u'message': u'Mensagem', u'subject': u'Assunto', u'name': u'Seu nome', u'email': u'seu e-mail'}}}
{u'pt-br': {u'menu-equipe': {u'planos': u'planos de a\xe7\xe3o', u'voluntarios': u'volunt\xe1rios', u'sistemas': u'sistemas e sig', u'exsitu': u'ex-situ', u'coordenacao': u'coordena\xe7\xe3o', u'comunicacao': u'comunica\xe7\xe3o', u'colecoes': u'cole\xe7\xf5es bot\xe2nicas', u'analise': u'lista vermelha'}, u'menu': {u'contact': u'contato', u'whoweare': u'sobre o cncflora', u'equipe': u'equipe'}, u'form-contato': {u'message': u'Mensagem', u'subject': u'Assunto', u'name': u'Seu nome', u'email': u'seu e-mail'}}}
{u'pt-br': {u'menu-equipe': {u'planos': u'planos de a\xe7\xe3o', u'voluntarios': u'volunt\xe1rios', u'sistemas': u'sistemas e sig', u'exsitu': u'ex-situ', u'coordenacao': u'coordena\xe7\xe3o', u'comunicacao': u'comunica\xe7\xe3o', u'colecoes': u'cole\xe7\xf5es bot\xe2nicas', u'analise': u'lista vermelha'}, u'menu': {u'contact': u'contato', u'whoweare': u'sobre o cncflora', u'equipe': u'equipe'}, u'form-contato': {u'message': u'Mensagem', u'subject': u'Assunto', u'name': u'Seu nome', u'email': u'seu e-mail'}}}
{u'pt-br': {u'menu-equipe': {u'planos': u'planos de a\xe7\xe3o', u'voluntarios': u'volunt\xe1rios', u'sistemas': u'sistemas e sig', u'exsitu': u'ex-situ', u'coordenacao': u'coordena\xe7\xe3o', u'comunicacao': u'comunica\xe7\xe3o', u'colecoes': u'cole\xe7\xf5es bot\xe2nicas', u'analise': u'lista vermelha'}, u'menu': {u'contact': u'contato', u'whoweare': u'sobre o cncflora', u'equipe': u'equipe'}, u'form-contato': {u'message': u'Mensagem', u'subject': u'Assunto', u'name': u'Seu nome', u'email': u'seu e-mail'}}}
{u'pt-br': {u'menu-equipe': {u'planos': u'planos de a\xe7\xe3o', u'voluntarios': u'volunt\xe1rios', u'sistemas': u'sistemas e sig', u'exsitu': u'ex-situ', u'coordenacao': u'coordena\xe7\xe3o', u'comunicacao': u'comunica\xe7\xe3o', u'colecoes': u'cole\xe7\xf5es bot\xe2nicas', u'analise': u'lista vermelha'}, u'menu': {u'contact': u'contato', u'whoweare': u'sobre o cncflora', u'equipe': u'equipe'}, u'form-contato': {u'message': u'Mensagem', u'subject': u'Assunto', u'name': u'Seu nome', u'email': u'seu e-mail'}}}
{u'pt-br': {u'menu-equipe': {u'planos': u'planos de a\xe7\xe3o', u'voluntarios': u'volunt\xe1rios', u'sistemas': u'sistemas e sig', u'exsitu': u'ex-situ', u'coordenacao': u'coordena\xe7\xe3o', u'comunicacao': u'comunica\xe7\xe3o', u'colecoes': u'cole\xe7\xf5es bot\xe2nicas', u'analise': u'lista vermelha'}, u'menu': {u'contact': u'contato', u'whoweare': u'sobre o cncflora', u'equipe': u'equipe'}, u'form-contato': {u'message': u'Mensagem', u'subject': u'Assunto', u'name': u'Seu nome', u'email': u'seu e-mail'}}}
{u'pt-br': {u'menu-equipe': {u'planos': u'planos de a\xe7\xe3o', u'voluntarios': u'volunt\xe1rios', u'sistemas': u'sistemas e sig', u'exsitu': u'ex-situ', u'coordenacao': u'coordena\xe7\xe3o', u'comunicacao': u'comunica\xe7\xe3o', u'colecoes': u'cole\xe7\xf5es bot\xe2nicas', u'analise': u'lista vermelha'}, u'menu': {u'contact': u'contato', u'whoweare': u'sobre o cncflora', u'equipe': u'equipe'}, u'form-contato': {u'message': u'Mensagem', u'subject': u'Assunto', u'name': u'Seu nome', u'email': u'seu e-mail'}}}
{u'pt-br': {u'menu-equipe': {u'planos': u'planos de a\xe7\xe3o', u'sistemas': u'sistemas e sig', u'exsitu': u'ex-situ', u'coordenacao': u'coordena\xe7\xe3o', u'comunicacao': u'comunica\xe7\xe3o', u'voluntario': u'volunt\xe1rios', u'colecoes': u'cole\xe7\xf5es bot\xe2nicas', u'analise': u'lista vermelha'}, u'menu': {u'contact': u'contato', u'whoweare': u'sobre o cncflora', u'equipe': u'equipe'}, u'form-contato': {u'message': u'Mensagem', u'subject': u'Assunto', u'name': u'Seu nome', u'email': u'seu e-mail'}}}
{u'pt-br': {u'menu-equipe': {u'planos': u'planos de a\xe7\xe3o', u'sistemas': u'sistemas e sig', u'exsitu': u'ex-situ', u'coordenacao': u'coordena\xe7\xe3o', u'comunicacao': u'comunica\xe7\xe3o', u'voluntario': u'volunt\xe1rios', u'colecoes': u'cole\xe7\xf5es bot\xe2nicas', u'analise': u'lista vermelha'}, u'menu': {u'contact': u'contato', u'whoweare': u'sobre o cncflora', u'equipe': u'equipe'}, u'form-contato': {u'message': u'Mensagem', u'subject': u'Assunto', u'name': u'Seu nome', u'email': u'seu e-mail'}}}
{u'pt-br': {u'menu-equipe': {u'planos': u'planos de a\xe7\xe3o', u'sistemas': u'sistemas e sig', u'exsitu': u'ex-situ', u'coordenacao': u'coordena\xe7\xe3o', u'comunicacao': u'comunica\xe7\xe3o', u'voluntario': u'volunt\xe1rios', u'colecoes': u'cole\xe7\xf5es bot\xe2nicas', u'analise': u'lista vermelha'}, u'menu': {u'contact': u'contato', u'whoweare': u'sobre o cncflora', u'equipe': u'equipe'}, u'form-contato': {u'message': u'Mensagem', u'subject': u'Assunto', u'name': u'Seu nome', u'email': u'seu e-mail'}}}
{u'pt-br': {u'menu-equipe': {u'planos': u'planos de a\xe7\xe3o', u'sistemas': u'sistemas e sig', u'exsitu': u'ex-situ', u'coordenacao': u'coordena\xe7\xe3o', u'comunicacao': u'comunica\xe7\xe3o', u'voluntario': u'volunt\xe1rios', u'colecoes': u'cole\xe7\xf5es bot\xe2nicas', u'analise': u'lista vermelha'}, u'menu': {u'contact': u'contato', u'whoweare': u'sobre o cncflora', u'equipe': u'equipe'}, u'form-contato': {u'message': u'Mensagem', u'subject': u'Assunto', u'name': u'Seu nome', u'email': u'seu e-mail'}}}
{u'pt-br': {u'menu-equipe': {u'planos': u'planos de a\xe7\xe3o', u'sistemas': u'sistemas e sig', u'exsitu': u'ex-situ', u'coordenacao': u'coordena\xe7\xe3o', u'comunicacao': u'comunica\xe7\xe3o', u'voluntario': u'volunt\xe1rios', u'colecoes': u'cole\xe7\xf5es bot\xe2nicas', u'analise': u'lista vermelha'}, u'menu': {u'contact': u'contato', u'whoweare': u'sobre o cncflora', u'equipe': u'equipe'}, u'form-contato': {u'message': u'Mensagem', u'subject': u'Assunto', u'name': u'Seu nome', u'email': u'seu e-mail'}}}
{u'pt-br': {u'menu-equipe': {u'planos': u'planos de a\xe7\xe3o', u'sistemas': u'sistemas e sig', u'exsitu': u'ex-situ', u'coordenacao': u'coordena\xe7\xe3o', u'comunicacao': u'comunica\xe7\xe3o', u'voluntario': u'volunt\xe1rios', u'colecoes': u'cole\xe7\xf5es bot\xe2nicas', u'analise': u'lista vermelha'}, u'menu': {u'contact': u'contato', u'whoweare': u'sobre o cncflora', u'equipe': u'equipe'}, u'form-contato': {u'message': u'Mensagem', u'subject': u'Assunto', u'name': u'Seu nome', u'email': u'seu e-mail'}}}
{u'pt-br': {u'menu-equipe': {u'planos': u'planos de a\xe7\xe3o', u'sistemas': u'sistemas e sig', u'exsitu': u'ex-situ', u'coordenacao': u'coordena\xe7\xe3o', u'comunicacao': u'comunica\xe7\xe3o', u'voluntario': u'volunt\xe1rios', u'colecoes': u'cole\xe7\xf5es bot\xe2nicas', u'analise': u'lista vermelha'}, u'menu': {u'contact': u'contato', u'whoweare': u'sobre o cncflora', u'equipe': u'equipe'}, u'form-contato': {u'message': u'Mensagem', u'subject': u'Assunto', u'name': u'Seu nome', u'email': u'seu e-mail'}}}
{u'pt-br': {u'menu-equipe': {u'planos': u'planos de a\xe7\xe3o', u'sistemas': u'sistemas e sig', u'exsitu': u'ex-situ', u'coordenacao': u'coordena\xe7\xe3o', u'comunicacao': u'comunica\xe7\xe3o', u'voluntario': u'volunt\xe1rios', u'colecoes': u'cole\xe7\xf5es bot\xe2nicas', u'analise': u'lista vermelha'}, u'menu': {u'contact': u'contato', u'whoweare': u'sobre o cncflora', u'equipe': u'equipe'}, u'form-contato': {u'message': u'Mensagem', u'subject': u'Assunto', u'name': u'Seu nome', u'email': u'seu e-mail'}}}
{u'pt-br': {u'menu-equipe': {u'planos': u'planos de a\xe7\xe3o', u'sistemas': u'sistemas e sig', u'exsitu': u'ex-situ', u'coordenacao': u'coordena\xe7\xe3o', u'comunicacao': u'comunica\xe7\xe3o', u'voluntario': u'volunt\xe1rios', u'colecoes': u'cole\xe7\xf5es bot\xe2nicas', u'analise': u'lista vermelha'}, u'menu': {u'contact': u'contato', u'whoweare': u'sobre o cncflora', u'equipe': u'equipe'}, u'form-contato': {u'message': u'Mensagem', u'subject': u'Assunto', u'name': u'Seu nome', u'email': u'seu e-mail'}}}
{u'pt-br': {u'menu-equipe': {u'planos': u'planos de a\xe7\xe3o', u'sistemas': u'sistemas e sig', u'exsitu': u'ex-situ', u'coordenacao': u'coordena\xe7\xe3o', u'comunicacao': u'comunica\xe7\xe3o', u'voluntario': u'volunt\xe1rios', u'colecoes': u'cole\xe7\xf5es bot\xe2nicas', u'analise': u'lista vermelha'}, u'menu': {u'contact': u'contato', u'whoweare': u'sobre o cncflora', u'equipe': u'equipe'}, u'form-contato': {u'message': u'Mensagem', u'subject': u'Assunto', u'name': u'Seu nome', u'email': u'seu e-mail'}}}
{u'pt-br': {u'menu-equipe': {u'planos': u'planos de a\xe7\xe3o', u'sistemas': u'sistemas e sig', u'exsitu': u'ex-situ', u'coordenacao': u'coordena\xe7\xe3o', u'comunicacao': u'comunica\xe7\xe3o', u'voluntario': u'volunt\xe1rios', u'colecoes': u'cole\xe7\xf5es bot\xe2nicas', u'analise': u'lista vermelha'}, u'menu': {u'contact': u'contato', u'whoweare': u'sobre o cncflora', u'equipe': u'equipe'}, u'form-contato': {u'message': u'Mensagem', u'subject': u'Assunto', u'name': u'Seu nome', u'email': u'seu e-mail'}}}
{u'pt-br': {u'menu-equipe': {u'planos': u'planos de a\xe7\xe3o', u'sistemas': u'sistemas e sig', u'exsitu': u'ex-situ', u'coordenacao': u'coordena\xe7\xe3o', u'comunicacao': u'comunica\xe7\xe3o', u'voluntario': u'volunt\xe1rios', u'colecoes': u'cole\xe7\xf5es bot\xe2nicas', u'analise': u'lista vermelha'}, u'menu': {u'contact': u'contato', u'whoweare': u'sobre o cncflora', u'equipe': u'equipe'}, u'form-contato': {u'message': u'Mensagem', u'subject': u'Assunto', u'name': u'Seu nome', u'email': u'seu e-mail'}}}
{u'pt-br': {u'menu-equipe': {u'planos': u'planos de a\xe7\xe3o', u'sistemas': u'sistemas e sig', u'exsitu': u'ex-situ', u'coordenacao': u'coordena\xe7\xe3o', u'comunicacao': u'comunica\xe7\xe3o', u'voluntario': u'volunt\xe1rios', u'colecoes': u'cole\xe7\xf5es bot\xe2nicas', u'analise': u'lista vermelha'}, u'menu': {u'contact': u'contato', u'whoweare': u'sobre o cncflora', u'equipe': u'equipe'}, u'form-contato': {u'message': u'Mensagem', u'subject': u'Assunto', u'name': u'Seu nome', u'email': u'seu e-mail'}}}
{u'pt-br': {u'menu-equipe': {u'planos': u'planos de a\xe7\xe3o', u'sistemas': u'sistemas e sig', u'exsitu': u'ex-situ', u'coordenacao': u'coordena\xe7\xe3o', u'comunicacao': u'comunica\xe7\xe3o', u'voluntario': u'volunt\xe1rios', u'colecoes': u'cole\xe7\xf5es bot\xe2nicas', u'analise': u'lista vermelha'}, u'menu': {u'contact': u'contato', u'whoweare': u'sobre o cncflora', u'equipe': u'equipe'}, u'form-contato': {u'message': u'Mensagem', u'subject': u'Assunto', u'name': u'Seu nome', u'email': u'seu e-mail'}}}
{u'pt-br': {u'menu-equipe': {u'planos': u'planos de a\xe7\xe3o', u'sistemas': u'sistemas e sig', u'exsitu': u'ex-situ', u'coordenacao': u'coordena\xe7\xe3o', u'comunicacao': u'comunica\xe7\xe3o', u'voluntario': u'volunt\xe1rios', u'colecoes': u'cole\xe7\xf5es bot\xe2nicas', u'analise': u'lista vermelha'}, u'menu': {u'contact': u'contato', u'whoweare': u'sobre o cncflora', u'equipe': u'equipe'}, u'form-contato': {u'message': u'Mensagem', u'subject': u'Assunto', u'name': u'Seu nome', u'email': u'seu e-mail'}}}
{u'pt-br': {u'menu-equipe': {u'planos': u'planos de a\xe7\xe3o', u'sistemas': u'sistemas e sig', u'exsitu': u'ex-situ', u'coordenacao': u'coordena\xe7\xe3o', u'comunicacao': u'comunica\xe7\xe3o', u'voluntario': u'volunt\xe1rios', u'colecoes': u'cole\xe7\xf5es bot\xe2nicas', u'analise': u'lista vermelha'}, u'menu': {u'contact': u'contato', u'whoweare': u'sobre o cncflora', u'equipe': u'equipe'}, u'form-contato': {u'message': u'Mensagem', u'subject': u'Assunto', u'name': u'Seu nome', u'email': u'seu e-mail'}}}
{u'pt-br': {u'menu-equipe': {u'planos': u'planos de a\xe7\xe3o', u'sistemas': u'sistemas e sig', u'exsitu': u'ex-situ', u'coordenacao': u'coordena\xe7\xe3o', u'comunicacao': u'comunica\xe7\xe3o', u'voluntario': u'volunt\xe1rios', u'colecoes': u'cole\xe7\xf5es bot\xe2nicas', u'analise': u'lista vermelha'}, u'menu': {u'contact': u'contato', u'whoweare': u'sobre o cncflora', u'equipe': u'equipe'}, u'form-contato': {u'message': u'Mensagem', u'subject': u'Assunto', u'name': u'Seu nome', u'email': u'seu e-mail'}}}
{u'pt-br': {u'menu-equipe': {u'planos': u'planos de a\xe7\xe3o', u'sistemas': u'sistemas e sig', u'exsitu': u'ex-situ', u'coordenacao': u'coordena\xe7\xe3o', u'comunicacao': u'comunica\xe7\xe3o', u'voluntario': u'volunt\xe1rios', u'colecoes': u'cole\xe7\xf5es bot\xe2nicas', u'analise': u'lista vermelha'}, u'menu': {u'contact': u'contato', u'whoweare': u'sobre o cncflora', u'equipe': u'equipe'}, u'form-contato': {u'message': u'Mensagem', u'subject': u'Assunto', u'name': u'Seu nome', u'email': u'seu e-mail'}}}
{u'pt-br': {u'menu-equipe': {u'planos': u'planos de a\xe7\xe3o', u'sistemas': u'sistemas e sig', u'exsitu': u'ex-situ', u'coordenacao': u'coordena\xe7\xe3o', u'comunicacao': u'comunica\xe7\xe3o', u'voluntario': u'volunt\xe1rios', u'colecoes': u'cole\xe7\xf5es bot\xe2nicas', u'analise': u'lista vermelha'}, u'menu': {u'contact': u'contato', u'whoweare': u'sobre o cncflora', u'equipe': u'equipe'}, u'form-contato': {u'message': u'Mensagem', u'subject': u'Assunto', u'name': u'Seu nome', u'email': u'seu e-mail'}}}
{u'pt-br': {u'menu-equipe': {u'planos': u'planos de a\xe7\xe3o', u'sistemas': u'sistemas e sig', u'exsitu': u'ex-situ', u'coordenacao': u'coordena\xe7\xe3o', u'comunicacao': u'comunica\xe7\xe3o', u'voluntario': u'volunt\xe1rios', u'colecoes': u'cole\xe7\xf5es bot\xe2nicas', u'analise': u'lista vermelha'}, u'menu': {u'contact': u'contato', u'whoweare': u'sobre o cncflora', u'equipe': u'equipe'}, u'form-contato': {u'message': u'Mensagem', u'subject': u'Assunto', u'name': u'Seu nome', u'email': u'seu e-mail'}}}
